[2025-07-10 14:35:20,810] 224 werkzeug - WARNING  * Debugger is active!
[2025-07-10 14:35:20,815] 224 werkzeug - INFO  * Debugger PIN: 319-645-086
[2025-07-10 14:35:21,057] 76 root - INFO Entered Initiated_data_ingestion method of data_ingestion class
[2025-07-10 14:35:21,058] 51 root - INFO exporting our Data from mongodb
[2025-07-10 14:35:22,234] 62 root - INFO Saving Exported data into feature store file path : artifacts
[2025-07-10 14:35:22,283] 81 root - INFO got the data from mongodb
[2025-07-10 14:35:22,283] 83 root - INFO Exited initiate_data_ingestion methods of data ingestion class
[2025-07-10 14:35:22,283] 65 root - INFO Entered initiate_data_transformation method of data transsformation class
[2025-07-10 14:35:22,416] 49 root - INFO Entered the save_object method of MainUtils class
[2025-07-10 14:35:22,416] 57 root - INFO Exited the save_object method of MainUtils class
[2025-07-10 14:35:22,416] 190 root - INFO Splitting training and testing input and target feature
[2025-07-10 14:35:22,416] 204 root - INFO Extracting model config file path
[2025-07-10 14:35:22,416] 216 root - INFO Extracting model config file path
[2025-07-10 14:36:32,587] 261 root - INFO Best found model on both training and testing dataset
[2025-07-10 14:36:32,589] 268 root - INFO Saving model at path: artifacts\model.pkl
[2025-07-10 14:36:32,589] 49 root - INFO Entered the save_object method of MainUtils class
[2025-07-10 14:36:32,602] 57 root - INFO Exited the save_object method of MainUtils class
[2025-07-10 14:36:32,654] 224 werkzeug - INFO 127.0.0.1 - - [10/Jul/2025 14:36:32] "[35m[1mGET /train HTTP/1.1[0m" 500 -
[2025-07-10 14:36:32,688] 224 werkzeug - INFO 127.0.0.1 - - [10/Jul/2025 14:36:32] "[36mGET /train?__debugger__=yes&cmd=resource&f=style.css HTTP/1.1[0m" 304 -
[2025-07-10 14:36:32,702] 224 werkzeug - INFO 127.0.0.1 - - [10/Jul/2025 14:36:32] "[36mGET /train?__debugger__=yes&cmd=resource&f=debugger.js HTTP/1.1[0m" 304 -
[2025-07-10 14:36:32,733] 224 werkzeug - INFO 127.0.0.1 - - [10/Jul/2025 14:36:32] "[36mGET /train?__debugger__=yes&cmd=resource&f=console.png HTTP/1.1[0m" 304 -
[2025-07-10 14:40:51,403] 224 werkzeug - INFO  * Detected change in 'E:\\projects\\senssor fault detection\\src\\components\\model_trainer.py', reloading
