[2025-04-22 04:19:10,881] 160 numexpr.utils - INFO NumExpr defaulting to 8 threads.
[2025-04-22 04:19:14,028] 97 werkzeug - WARNING  * Debugger is active!
[2025-04-22 04:19:14,035] 97 werkzeug - INFO  * Debugger PIN: 515-084-624
[2025-04-22 04:19:14,068] 76 root - INFO Entered Initiated_data_ingestion method of data_ingestion class
[2025-04-22 04:19:14,068] 51 root - INFO exporting our Data from mongodb
[2025-04-22 04:19:14,594] 97 werkzeug - INFO  * Detected change in 'C:\\Users\\dangw\\anaconda3\\Lib\\site-packages\\pymongo\\synchronous\\settings.py', reloading
[2025-04-22 04:19:14,597] 97 werkzeug - INFO  * Detected change in 'C:\\Users\\dangw\\anaconda3\\Lib\\site-packages\\pymongo\\synchronous\\mongo_client.py', reloading
[2025-04-22 04:19:14,603] 97 werkzeug - INFO  * Detected change in 'C:\\Users\\dangw\\anaconda3\\Lib\\site-packages\\werkzeug\\debug\\__init__.py', reloading
[2025-04-22 04:19:14,604] 97 werkzeug - INFO  * Detected change in 'C:\\Users\\dangw\\anaconda3\\Lib\\site-packages\\werkzeug\\serving.py', reloading
[2025-04-22 04:19:14,607] 97 werkzeug - INFO  * Detected change in 'C:\\Users\\dangw\\anaconda3\\Lib\\http\\server.py', reloading
[2025-04-22 04:19:14,608] 97 werkzeug - INFO  * Detected change in 'C:\\Users\\dangw\\anaconda3\\Lib\\socketserver.py', reloading
[2025-04-22 04:19:14,614] 97 werkzeug - INFO  * Detected change in 'C:\\Users\\dangw\\anaconda3\\Lib\\threading.py', reloading
[2025-04-22 04:19:15,855] 62 root - INFO Saving Exported data into feature store file path : artifacts
[2025-04-22 04:19:15,895] 81 root - INFO got the data from mongodb
[2025-04-22 04:19:15,895] 83 root - INFO Exited initiate_data_ingestion methods of data ingestion class
[2025-04-22 04:19:15,895] 65 root - INFO Entered initiate_data_transformation method of data transsformation class
[2025-04-22 04:19:15,984] 49 root - INFO Entered the save_object method of MainUtils class
[2025-04-22 04:19:16,025] 57 root - INFO Exited the save_object method of MainUtils class
[2025-04-22 04:19:16,025] 190 root - INFO Splitting training and testing input and target feature
[2025-04-22 04:19:16,025] 204 root - INFO Extracting model config file path
[2025-04-22 04:19:16,026] 216 root - INFO Extracting model config file path
[2025-04-22 04:19:18,192] 160 numexpr.utils - INFO NumExpr defaulting to 8 threads.
[2025-04-22 04:19:20,990] 97 werkzeug - WARNING  * Debugger is active!
[2025-04-22 04:19:20,995] 97 werkzeug - INFO  * Debugger PIN: 515-084-624
[2025-04-22 04:19:21,027] 76 root - INFO Entered Initiated_data_ingestion method of data_ingestion class
[2025-04-22 04:19:21,027] 51 root - INFO exporting our Data from mongodb
[2025-04-22 04:19:21,614] 97 werkzeug - INFO  * Detected change in 'E:\\projects\\senssor fault detection\\src\\pipeline\\training_pipeline.py', reloading
[2025-04-22 04:19:22,379] 62 root - INFO Saving Exported data into feature store file path : artifacts
[2025-04-22 04:19:22,418] 81 root - INFO got the data from mongodb
[2025-04-22 04:19:22,418] 83 root - INFO Exited initiate_data_ingestion methods of data ingestion class
[2025-04-22 04:19:22,418] 65 root - INFO Entered initiate_data_transformation method of data transsformation class
[2025-04-22 04:19:22,497] 49 root - INFO Entered the save_object method of MainUtils class
[2025-04-22 04:19:22,500] 57 root - INFO Exited the save_object method of MainUtils class
[2025-04-22 04:19:22,500] 190 root - INFO Splitting training and testing input and target feature
[2025-04-22 04:19:22,501] 204 root - INFO Extracting model config file path
[2025-04-22 04:19:22,501] 216 root - INFO Extracting model config file path
[2025-04-22 04:19:24,475] 160 numexpr.utils - INFO NumExpr defaulting to 8 threads.
[2025-04-22 04:19:27,171] 97 werkzeug - WARNING  * Debugger is active!
[2025-04-22 04:19:27,175] 97 werkzeug - INFO  * Debugger PIN: 515-084-624
[2025-04-22 04:19:28,458] 76 root - INFO Entered Initiated_data_ingestion method of data_ingestion class
[2025-04-22 04:19:28,458] 51 root - INFO exporting our Data from mongodb
[2025-04-22 04:19:30,384] 62 root - INFO Saving Exported data into feature store file path : artifacts
[2025-04-22 04:19:30,426] 81 root - INFO got the data from mongodb
[2025-04-22 04:19:30,426] 83 root - INFO Exited initiate_data_ingestion methods of data ingestion class
[2025-04-22 04:19:30,426] 65 root - INFO Entered initiate_data_transformation method of data transsformation class
[2025-04-22 04:19:30,511] 49 root - INFO Entered the save_object method of MainUtils class
[2025-04-22 04:19:30,513] 57 root - INFO Exited the save_object method of MainUtils class
[2025-04-22 04:19:30,515] 190 root - INFO Splitting training and testing input and target feature
[2025-04-22 04:19:30,515] 204 root - INFO Extracting model config file path
[2025-04-22 04:19:30,515] 216 root - INFO Extracting model config file path
[2025-04-22 04:20:09,707] 261 root - INFO Best found model on both training and testing dataset
[2025-04-22 04:20:09,708] 268 root - INFO Saving model at path: artifacts\model.pkl
[2025-04-22 04:20:09,709] 49 root - INFO Entered the save_object method of MainUtils class
[2025-04-22 04:20:09,716] 57 root - INFO Exited the save_object method of MainUtils class
[2025-04-22 04:20:09,722] 97 werkzeug - INFO 127.0.0.1 - - [22/Apr/2025 04:20:09] "GET /train HTTP/1.1" 200 -
[2025-04-22 04:20:18,834] 97 werkzeug - INFO 127.0.0.1 - - [22/Apr/2025 04:20:18] "GET /predict HTTP/1.1" 200 -
[2025-04-22 04:20:19,054] 97 werkzeug - INFO 127.0.0.1 - - [22/Apr/2025 04:20:19] "[33mGET /script.js HTTP/1.1[0m" 404 -
[2025-04-22 04:20:19,225] 97 werkzeug - INFO 127.0.0.1 - - [22/Apr/2025 04:20:19] "[36mGET /static/css/style.css HTTP/1.1[0m" 304 -
[2025-04-22 04:20:27,603] 69 root - INFO Entered the load_object method of MainUtils class
[2025-04-22 04:20:27,609] 77 root - INFO Exited the load_object method of MainUtils class
[2025-04-22 04:20:27,609] 69 root - INFO Entered the load_object method of MainUtils class
[2025-04-22 04:20:27,664] 97 werkzeug - INFO 127.0.0.1 - - [22/Apr/2025 04:20:27] "[35m[1mPOST /predict HTTP/1.1[0m" 500 -
[2025-04-22 04:20:27,710] 97 werkzeug - INFO 127.0.0.1 - - [22/Apr/2025 04:20:27] "[36mGET /predict?__debugger__=yes&cmd=resource&f=style.css HTTP/1.1[0m" 304 -
[2025-04-22 04:20:27,781] 97 werkzeug - INFO 127.0.0.1 - - [22/Apr/2025 04:20:27] "GET /predict?__debugger__=yes&cmd=resource&f=debugger.js HTTP/1.1" 200 -
[2025-04-22 04:20:28,159] 97 werkzeug - INFO 127.0.0.1 - - [22/Apr/2025 04:20:28] "[36mGET /predict?__debugger__=yes&cmd=resource&f=console.png HTTP/1.1[0m" 304 -
[2025-04-22 04:20:28,421] 97 werkzeug - INFO 127.0.0.1 - - [22/Apr/2025 04:20:28] "[36mGET /predict?__debugger__=yes&cmd=resource&f=console.png HTTP/1.1[0m" 304 -
[2025-04-22 04:22:53,598] 97 werkzeug - INFO  * Detected change in 'C:\\Users\\dangw\\anaconda3\\Lib\\typing.py', reloading
