[2025-07-10 14:28:35,238] 224 werkzeug - WARNING  * Debugger is active!
[2025-07-10 14:28:35,248] 224 werkzeug - INFO  * Debugger PIN: 319-645-086
[2025-07-10 14:28:43,132] 224 werkzeug - INFO  * Detected change in 'E:\\projects\\senssor fault detection\\app.py', reloading
[2025-07-10 14:28:47,750] 224 werkzeug - WARNING  * Debugger is active!
[2025-07-10 14:28:47,765] 224 werkzeug - INFO  * Debugger PIN: 319-645-086
[2025-07-10 14:28:47,973] 76 root - INFO Entered Initiated_data_ingestion method of data_ingestion class
[2025-07-10 14:28:47,973] 51 root - INFO exporting our Data from mongodb
[2025-07-10 14:28:49,281] 62 root - INFO Saving Exported data into feature store file path : artifacts
[2025-07-10 14:28:49,317] 81 root - INFO got the data from mongodb
[2025-07-10 14:28:49,317] 83 root - INFO Exited initiate_data_ingestion methods of data ingestion class
[2025-07-10 14:28:49,317] 65 root - INFO Entered initiate_data_transformation method of data transsformation class
[2025-07-10 14:28:49,417] 49 root - INFO Entered the save_object method of MainUtils class
[2025-07-10 14:28:49,435] 57 root - INFO Exited the save_object method of MainUtils class
[2025-07-10 14:28:49,435] 190 root - INFO Splitting training and testing input and target feature
[2025-07-10 14:28:49,435] 204 root - INFO Extracting model config file path
[2025-07-10 14:28:49,435] 216 root - INFO Extracting model config file path
[2025-07-10 14:29:47,850] 261 root - INFO Best found model on both training and testing dataset
[2025-07-10 14:29:47,851] 268 root - INFO Saving model at path: artifacts\model.pkl
[2025-07-10 14:29:47,851] 49 root - INFO Entered the save_object method of MainUtils class
[2025-07-10 14:29:47,860] 57 root - INFO Exited the save_object method of MainUtils class
[2025-07-10 14:29:47,901] 224 werkzeug - INFO 127.0.0.1 - - [10/Jul/2025 14:29:47] "[35m[1mGET /train HTTP/1.1[0m" 500 -
[2025-07-10 14:29:47,966] 224 werkzeug - INFO 127.0.0.1 - - [10/Jul/2025 14:29:47] "[36mGET /train?__debugger__=yes&cmd=resource&f=style.css HTTP/1.1[0m" 304 -
[2025-07-10 14:29:47,981] 224 werkzeug - INFO 127.0.0.1 - - [10/Jul/2025 14:29:47] "[36mGET /train?__debugger__=yes&cmd=resource&f=debugger.js HTTP/1.1[0m" 304 -
[2025-07-10 14:29:48,038] 224 werkzeug - INFO 127.0.0.1 - - [10/Jul/2025 14:29:48] "[36mGET /train?__debugger__=yes&cmd=resource&f=console.png HTTP/1.1[0m" 304 -
[2025-07-10 14:31:05,090] 224 werkzeug - INFO  * Detected change in 'E:\\projects\\senssor fault detection\\src\\pipeline\\training_pipeline.py', reloading
