[2025-07-10 14:31:12,278] 224 werkzeug - WARNING  * Debugger is active!
[2025-07-10 14:31:12,286] 224 werkzeug - INFO  * Debugger PIN: 319-645-086
[2025-07-10 14:31:12,489] 76 root - INFO Entered Initiated_data_ingestion method of data_ingestion class
[2025-07-10 14:31:12,489] 51 root - INFO exporting our Data from mongodb
[2025-07-10 14:31:14,558] 62 root - INFO Saving Exported data into feature store file path : artifacts
[2025-07-10 14:31:14,608] 81 root - INFO got the data from mongodb
[2025-07-10 14:31:14,608] 83 root - INFO Exited initiate_data_ingestion methods of data ingestion class
[2025-07-10 14:31:14,608] 65 root - INFO Entered initiate_data_transformation method of data transsformation class
[2025-07-10 14:31:14,709] 49 root - INFO Entered the save_object method of MainUtils class
[2025-07-10 14:31:14,711] 57 root - INFO Exited the save_object method of MainUtils class
[2025-07-10 14:31:14,712] 190 root - INFO Splitting training and testing input and target feature
[2025-07-10 14:31:14,712] 204 root - INFO Extracting model config file path
[2025-07-10 14:31:14,712] 216 root - INFO Extracting model config file path
[2025-07-10 14:32:14,826] 261 root - INFO Best found model on both training and testing dataset
[2025-07-10 14:32:14,826] 268 root - INFO Saving model at path: artifacts\model.pkl
[2025-07-10 14:32:14,827] 49 root - INFO Entered the save_object method of MainUtils class
[2025-07-10 14:32:14,835] 57 root - INFO Exited the save_object method of MainUtils class
[2025-07-10 14:32:14,873] 224 werkzeug - INFO 127.0.0.1 - - [10/Jul/2025 14:32:14] "[35m[1mGET /train HTTP/1.1[0m" 500 -
[2025-07-10 14:32:14,904] 224 werkzeug - INFO 127.0.0.1 - - [10/Jul/2025 14:32:14] "[36mGET /train?__debugger__=yes&cmd=resource&f=style.css HTTP/1.1[0m" 304 -
[2025-07-10 14:32:14,914] 224 werkzeug - INFO 127.0.0.1 - - [10/Jul/2025 14:32:14] "[36mGET /train?__debugger__=yes&cmd=resource&f=debugger.js HTTP/1.1[0m" 304 -
[2025-07-10 14:32:14,954] 224 werkzeug - INFO 127.0.0.1 - - [10/Jul/2025 14:32:14] "[36mGET /train?__debugger__=yes&cmd=resource&f=console.png HTTP/1.1[0m" 304 -
[2025-07-10 14:33:05,767] 224 werkzeug - INFO  * Detected change in 'E:\\projects\\senssor fault detection\\src\\pipeline\\training_pipeline.py', reloading
